<?xml version="1.0" encoding="UTF-8"?>
<testng-results ignored="0" total="1" passed="1" failed="0" skipped="0">
  <reporter-output>
  </reporter-output>
  <suite started-at="2021-01-25T12:08:49 EST" name="Default suite" finished-at="2021-01-25T12:08:51 EST" duration-ms="2351">
    <groups>
    </groups>
    <test started-at="2021-01-25T12:08:49 EST" name="Default test" finished-at="2021-01-25T12:08:51 EST" duration-ms="2351">
      <class name="framework.test">
        <test-method signature="test1()[pri:0, instance:framework.test@50a7bc6e]" started-at="2021-01-25T12:08:49 EST" name="test1" finished-at="2021-01-25T12:08:51 EST" duration-ms="2324" status="PASS">
          <reporter-output>
          </reporter-output>
        </test-method> <!-- test1 -->
      </class> <!-- framework.test -->
    </test> <!-- Default test -->
  </suite> <!-- Default suite -->
</testng-results>
